<?xml version="1.0" encoding="UTF-8"?>
<!-- Generated by org.testng.reporters.JUnitReportReporter -->
<testsuite hostname="LAPTOP-G8L3U3IR" failures="0" tests="1" name="test.HowItWorkTest" time="0.172" errors="0" timestamp="2024-01-19T00:30:30 IST" skipped="0">
  <testcase classname="test.HowItWorkTest" name="CheckHowItWork" time="0.172"/>
  <system-out>
    <![CDATA[http://demo-user:Demo%40321!@demo.maanch.com/login#how-it-works
How it Page is Opened]]>
  </system-out>
</testsuite> <!-- test.HowItWorkTest -->
