<?xml version="1.0" encoding="UTF-8"?>
<!-- Generated by org.testng.reporters.JUnitReportReporter -->
<testsuite hostname="LAPTOP-G8L3U3IR" failures="0" tests="1" name="test.ImpactTest" time="1.169" errors="0" timestamp="2024-01-19T00:30:30 IST" skipped="0">
  <testcase classname="test.ImpactTest" name="CheckImpactPg" time="1.169"/>
  <system-out>
    <![CDATA[Impact Page is openend
Impact Page URL: http://demo-user:Demo%40321!@demo.maanch.com/#impact]]>
  </system-out>
</testsuite> <!-- test.ImpactTest -->
