<?xml version="1.0" encoding="UTF-8"?>
<!-- Generated by org.testng.reporters.JUnitReportReporter -->
<testsuite hostname="LAPTOP-G8L3U3IR" failures="0" tests="7" name="test.HomePageTest" time="8.716" errors="0" timestamp="2024-01-19T00:30:30 IST" skipped="0">
  <testcase classname="test.HomePageTest" name="ValidateMakeAnImapct" time="2.425"/>
  <system-out/>
  <testcase classname="test.HomePageTest" name="ValidateSignUpButton" time="1.401"/>
  <system-out/>
  <testcase classname="test.HomePageTest" name="ValidateShowMoreButton" time="2.334"/>
  <system-out/>
  <testcase classname="test.HomePageTest" name="ValidateBrowserImpactTableVisibility" time="0.003"/>
  <system-out/>
  <testcase classname="test.HomePageTest" name="ValidateLinkOnPage" time="0.534"/>
  <system-out>
    <![CDATA[Link count is: 25

How it works
Impact
About Us
Login/Sign up
Make an impact
Sign Up
Previous
Next



Show more
NGOs
Corporates
Individuals
Team Maanch
Our Partners
Blog
FAQs
Fundraising Tips
Fundraiser Video


]]>
  </system-out>
  <testcase classname="test.HomePageTest" name="ValidateNavigation" time="1.010"/>
  <system-out/>
  <testcase classname="test.HomePageTest" name="ValidatePageScroll" time="1.009"/>
  <system-out/>
</testsuite> <!-- test.HomePageTest -->
