<?xml version="1.0" encoding="UTF-8"?>
<!-- Generated by org.testng.reporters.JUnitReportReporter -->
<testsuite hostname="LAPTOP-G8L3U3IR" failures="0" tests="1" name="test.LoginTestDemo" time="0.593" errors="0" timestamp="2024-01-19T00:30:30 IST" skipped="0">
  <testcase classname="test.LoginTestDemo" name="LoginSignUpTest" time="0.593"/>
  <system-out>
    <![CDATA[Login to check the latest activities on your profile.]]>
  </system-out>
</testsuite> <!-- test.LoginTestDemo -->
